0 info it worked if it ends with ok
1 verbose cli [ '/usr/bin/node',
1 verbose cli   '/usr/bin/npm',
1 verbose cli   'install',
1 verbose cli   '--save-dev',
1 verbose cli   'browser-sync' ]
2 info using npm@2.12.0
3 info using node@v4.1.0
4 verbose install initial load of /home/bowen/Documents/BookmarkManager/package.json
5 warn package.json smartbookmark@1.3.0 No description
6 warn package.json smartbookmark@1.3.0 No README data
7 verbose installManyTop reading scoped package data from /home/bowen/Documents/BookmarkManager/node_modules/bootstrap/package.json
8 verbose installManyTop reading scoped package data from /home/bowen/Documents/BookmarkManager/node_modules/browser-sync/package.json
9 verbose installManyTop reading scoped package data from /home/bowen/Documents/BookmarkManager/node_modules/gulp/package.json
10 verbose installManyTop reading scoped package data from /home/bowen/Documents/BookmarkManager/node_modules/jquery/package.json
11 info package.json jquery@2.1.4 No license field.
12 verbose readDependencies loading dependencies from /home/bowen/Documents/BookmarkManager/package.json
13 verbose install browser-sync is installed as 2.9.11
14 silly cache add args [ 'browser-sync', null ]
15 verbose cache add spec browser-sync
16 silly cache add parsed spec Result {
16 silly cache add   raw: 'browser-sync',
16 silly cache add   scope: null,
16 silly cache add   name: 'browser-sync',
16 silly cache add   rawSpec: '',
16 silly cache add   spec: '*',
16 silly cache add   type: 'range' }
17 silly addNamed browser-sync@*
18 verbose addNamed "*" is a valid semver range for browser-sync
19 silly addNameRange { name: 'browser-sync', range: '*', hasData: false }
20 silly mapToRegistry name browser-sync
21 silly mapToRegistry using default registry
22 silly mapToRegistry registry https://registry.npmjs.org/
23 silly mapToRegistry uri https://registry.npmjs.org/browser-sync
24 verbose addNameRange registry:https://registry.npmjs.org/browser-sync not in flight; fetching
25 verbose request uri https://registry.npmjs.org/browser-sync
26 verbose request no auth needed
27 info attempt registry request try #1 at 2:35:19 PM
28 verbose request id f5e4ab5dd02c85d7
29 verbose etag "42CTQRODG9IYO17XI8V22GYG1"
30 http request GET https://registry.npmjs.org/browser-sync
31 http 304 https://registry.npmjs.org/browser-sync
32 silly get cb [ 304,
32 silly get   { date: 'Tue, 13 Oct 2015 06:35:19 GMT',
32 silly get     via: '1.1 varnish',
32 silly get     'cache-control': 'max-age=60',
32 silly get     etag: '"42CTQRODG9IYO17XI8V22GYG1"',
32 silly get     age: '0',
32 silly get     connection: 'keep-alive',
32 silly get     'x-served-by': 'cache-itm7427-ITM',
32 silly get     'x-cache': 'HIT',
32 silly get     'x-cache-hits': '1',
32 silly get     'x-timer': 'S1444718119.718646,VS0,VE829',
32 silly get     vary: 'Accept' } ]
33 verbose etag https://registry.npmjs.org/browser-sync from cache
34 verbose get saving browser-sync to /home/bowen/.npm/registry.npmjs.org/browser-sync/.cache.json
35 silly addNameRange number 2 { name: 'browser-sync', range: '*', hasData: true }
36 silly addNameRange versions [ 'browser-sync',
36 silly addNameRange   [ '0.1.0',
36 silly addNameRange     '0.1.1',
36 silly addNameRange     '0.1.3',
36 silly addNameRange     '0.1.5',
36 silly addNameRange     '0.1.6',
36 silly addNameRange     '0.1.7',
36 silly addNameRange     '0.1.8',
36 silly addNameRange     '0.1.9',
36 silly addNameRange     '0.1.10',
36 silly addNameRange     '0.2.0',
36 silly addNameRange     '0.2.1',
36 silly addNameRange     '0.3.0',
36 silly addNameRange     '0.3.1',
36 silly addNameRange     '0.3.2',
36 silly addNameRange     '0.3.3',
36 silly addNameRange     '0.3.4',
36 silly addNameRange     '0.3.5',
36 silly addNameRange     '0.3.6',
36 silly addNameRange     '0.3.7',
36 silly addNameRange     '0.3.8',
36 silly addNameRange     '0.3.10',
36 silly addNameRange     '0.4.0',
36 silly addNameRange     '0.4.1',
36 silly addNameRange     '0.4.2',
36 silly addNameRange     '0.4.21',
36 silly addNameRange     '0.4.3',
36 silly addNameRange     '0.4.4',
36 silly addNameRange     '0.4.5',
36 silly addNameRange     '0.4.6',
36 silly addNameRange     '0.4.7',
36 silly addNameRange     '0.4.8',
36 silly addNameRange     '0.4.9',
36 silly addNameRange     '0.4.10',
36 silly addNameRange     '0.4.11',
36 silly addNameRange     '0.4.12',
36 silly addNameRange     '0.5.0',
36 silly addNameRange     '0.5.1',
36 silly addNameRange     '0.5.2',
36 silly addNameRange     '0.5.3',
36 silly addNameRange     '0.5.4',
36 silly addNameRange     '0.5.5',
36 silly addNameRange     '0.5.6',
36 silly addNameRange     '0.5.7',
36 silly addNameRange     '0.5.8',
36 silly addNameRange     '0.5.9',
36 silly addNameRange     '0.6.0',
36 silly addNameRange     '0.6.1',
36 silly addNameRange     '0.6.2',
36 silly addNameRange     '0.7.0',
36 silly addNameRange     '0.7.1',
36 silly addNameRange     '0.7.2',
36 silly addNameRange     '0.7.3',
36 silly addNameRange     '0.7.4',
36 silly addNameRange     '0.7.5',
36 silly addNameRange     '0.7.7',
36 silly addNameRange     '0.8.0',
36 silly addNameRange     '0.8.1',
36 silly addNameRange     '0.8.2',
36 silly addNameRange     '0.9.0',
36 silly addNameRange     '0.9.1',
36 silly addNameRange     '1.0.0',
36 silly addNameRange     '1.1.0',
36 silly addNameRange     '1.1.1',
36 silly addNameRange     '1.1.2',
36 silly addNameRange     '1.2.0',
36 silly addNameRange     '1.2.1',
36 silly addNameRange     '1.3.0',
36 silly addNameRange     '1.3.2',
36 silly addNameRange     '1.3.3',
36 silly addNameRange     '1.3.4',
36 silly addNameRange     '1.3.5',
36 silly addNameRange     '1.3.6',
36 silly addNameRange     '1.3.7',
36 silly addNameRange     '1.5.0',
36 silly addNameRange     '1.5.1',
36 silly addNameRange     '1.5.2',
36 silly addNameRange     '1.5.3',
36 silly addNameRange     '1.5.4',
36 silly addNameRange     '1.5.5',
36 silly addNameRange     '1.5.6',
36 silly addNameRange     '1.5.7',
36 silly addNameRange     '1.5.8',
36 silly addNameRange     '1.5.9',
36 silly addNameRange     '1.6.0',
36 silly addNameRange     '1.6.1',
36 silly addNameRange     '1.6.2',
36 silly addNameRange     '1.6.3',
36 silly addNameRange     '1.6.4',
36 silly addNameRange     '1.6.5',
36 silly addNameRange     '1.7.0',
36 silly addNameRange     '1.7.1',
36 silly addNameRange     '1.7.2',
36 silly addNameRange     '1.7.3',
36 silly addNameRange     '1.8.0',
36 silly addNameRange     '1.8.1',
36 silly addNameRange     '1.8.2',
36 silly addNameRange     '1.8.3',
36 silly addNameRange     '1.9.0',
36 silly addNameRange     '1.9.1',
36 silly addNameRange     '2.0.0-rc1',
36 silly addNameRange     '2.0.0-rc2',
36 silly addNameRange     '2.0.0-rc3',
36 silly addNameRange     '2.0.0-rc4',
36 silly addNameRange     '2.0.0-rc5',
36 silly addNameRange     '2.0.0-rc6',
36 silly addNameRange     '2.0.0-rc7',
36 silly addNameRange     '2.0.0-rc8',
36 silly addNameRange     '2.0.0-rc9',
36 silly addNameRange     '2.0.0-rc10',
36 silly addNameRange     '2.0.0',
36 silly addNameRange     '2.0.1',
36 silly addNameRange     '2.1.0',
36 silly addNameRange     '2.1.1',
36 silly addNameRange     '2.1.2',
36 silly addNameRange     '2.1.3',
36 silly addNameRange     '2.1.4',
36 silly addNameRange     '2.1.6',
36 silly addNameRange     '2.2.0',
36 silly addNameRange     '2.2.1',
36 silly addNameRange     '2.2.2',
36 silly addNameRange     '2.2.3',
36 silly addNameRange     '2.2.4',
36 silly addNameRange     '2.2.5',
36 silly addNameRange     '2.3.0',
36 silly addNameRange     '2.3.1',
36 silly addNameRange     '2.3.2',
36 silly addNameRange     '2.4.0',
36 silly addNameRange     '2.4.1',
36 silly addNameRange     '2.5.0',
36 silly addNameRange     '2.5.1',
36 silly addNameRange     '2.5.2',
36 silly addNameRange     '2.5.3',
36 silly addNameRange     '2.6.0',
36 silly addNameRange     '2.6.1',
36 silly addNameRange     '2.6.2',
36 silly addNameRange     '2.6.3',
36 silly addNameRange     '2.6.4',
36 silly addNameRange     '2.6.5',
36 silly addNameRange     '2.6.6',
36 silly addNameRange     '1.9.2',
36 silly addNameRange     '2.6.7',
36 silly addNameRange     '2.6.8',
36 silly addNameRange     '2.6.9',
36 silly addNameRange     '2.6.10',
36 silly addNameRange     '2.6.11',
36 silly addNameRange     '2.7.0',
36 silly addNameRange     '2.7.1',
36 silly addNameRange     '2.7.2',
36 silly addNameRange     '2.7.3',
36 silly addNameRange     '2.7.4',
36 silly addNameRange     '2.7.5',
36 silly addNameRange     '2.7.6',
36 silly addNameRange     '2.7.7',
36 silly addNameRange     '2.7.8',
36 silly addNameRange     '2.7.9',
36 silly addNameRange     '2.7.10',
36 silly addNameRange     '2.7.11',
36 silly addNameRange     '2.7.12',
36 silly addNameRange     '2.7.13',
36 silly addNameRange     '2.8.0',
36 silly addNameRange     '2.8.1',
36 silly addNameRange     '2.8.2',
36 silly addNameRange     '2.8.3',
36 silly addNameRange     '2.9.0',
36 silly addNameRange     '2.9.1',
36 silly addNameRange     '2.9.2',
36 silly addNameRange     '2.9.3',
36 silly addNameRange     '2.9.4',
36 silly addNameRange     '2.9.5',
36 silly addNameRange     '2.9.6',
36 silly addNameRange     '2.9.7',
36 silly addNameRange     '2.9.8',
36 silly addNameRange     '2.9.9',
36 silly addNameRange     '2.9.10',
36 silly addNameRange     '2.9.11' ] ]
37 silly addNamed browser-sync@2.9.11
38 verbose addNamed "2.9.11" is a plain semver version for browser-sync
39 silly mapToRegistry name browser-sync
40 silly mapToRegistry using default registry
41 silly mapToRegistry registry https://registry.npmjs.org/
42 silly mapToRegistry uri https://registry.npmjs.org/browser-sync
43 verbose addRemoteTarball https://registry.npmjs.org/browser-sync/-/browser-sync-2.9.11.tgz not in flight; adding
44 verbose addRemoteTarball [ 'https://registry.npmjs.org/browser-sync/-/browser-sync-2.9.11.tgz',
44 verbose addRemoteTarball   'a935714a02baf0488548081c8f9149640793e9da' ]
45 info retry fetch attempt 1 at 2:35:20 PM
46 info attempt registry request try #1 at 2:35:20 PM
47 http fetch GET https://registry.npmjs.org/browser-sync/-/browser-sync-2.9.11.tgz
48 http fetch 200 https://registry.npmjs.org/browser-sync/-/browser-sync-2.9.11.tgz
49 silly fetchAndShaCheck shasum a935714a02baf0488548081c8f9149640793e9da
50 verbose addTmpTarball /tmp/npm-24927-3e4e15e3/registry.npmjs.org/browser-sync/-/browser-sync-2.9.11.tgz not in flight; adding
51 verbose addTmpTarball already have metadata; skipping unpack for browser-sync@2.9.11
52 silly cache afterAdd browser-sync@2.9.11
53 verbose afterAdd /home/bowen/.npm/browser-sync/2.9.11/package/package.json not in flight; writing
54 verbose afterAdd /home/bowen/.npm/browser-sync/2.9.11/package/package.json written
55 silly install resolved [ { name: 'browser-sync',
55 silly install resolved     description: 'Live CSS Reload & Browser Syncing',
55 silly install resolved     version: '2.9.11',
55 silly install resolved     homepage: 'http://www.browsersync.io/',
55 silly install resolved     author: { name: 'Shane Osbourne' },
55 silly install resolved     repository:
55 silly install resolved      { type: 'git',
55 silly install resolved        url: 'https://github.com/Browsersync/browser-sync' },
55 silly install resolved     license: 'Apache-2.0',
55 silly install resolved     bin: { 'browser-sync': 'bin/browser-sync.js' },
55 silly install resolved     files: [ 'bin', 'index.js', 'lib' ],
55 silly install resolved     engines: { node: '>= 0.8.0' },
55 silly install resolved     scripts:
55 silly install resolved      { env: 'node ./test/env.js',
55 silly install resolved        test: 'npm run lint && npm run env && npm run unit',
55 silly install resolved        lint: 'eslint index.js lib bin examples test/specs gulpfile.js',
55 silly install resolved        pro: 'protractor test/protractor/config.single.js',
55 silly install resolved        'pro-local': 'node test/protractor/setup.js',
55 silly install resolved        unit: 'mocha --recursive test/specs --timeout 10000',
55 silly install resolved        cover: 'npm run env && npm run cover-local && npm run coveralls',
55 silly install resolved        'cover-local': 'istanbul cover _mocha -- --timeout 10000 --recursive ./test/specs',
55 silly install resolved        coveralls: 'istanbul-coveralls',
55 silly install resolved        'pre-release': 'npm test && npm run pro-local && npm run pro' },
55 silly install resolved     dependencies:
55 silly install resolved      { anymatch: '^1.3.0',
55 silly install resolved        'async-each-series': '^0.1.1',
55 silly install resolved        'browser-sync-client': '^2.3.3',
55 silly install resolved        'browser-sync-ui': '^0.5.16',
55 silly install resolved        chokidar: '^1.0.5',
55 silly install resolved        connect: '^3.4.0',
55 silly install resolved        'dev-ip': '^1.0.1',
55 silly install resolved        'easy-extender': '^2.3.1',
55 silly install resolved        'eazy-logger': '^2.1.2',
55 silly install resolved        'emitter-steward': '^1.0.0',
55 silly install resolved        foxy: '^11.1.2',
55 silly install resolved        immutable: '^3.7.4',
55 silly install resolved        localtunnel: '^1.7.0',
55 silly install resolved        lodash: '^3.9.3',
55 silly install resolved        longest: '^1.0.1',
55 silly install resolved        meow: '3.3.0',
55 silly install resolved        opn: '^3.0.2',
55 silly install resolved        'pad-left': '^2.0.0',
55 silly install resolved        portscanner: '^1.0.0',
55 silly install resolved        'query-string': '^2.4.0',
55 silly install resolved        'resp-modifier': '^5.0.0',
55 silly install resolved        'serve-index': '^1.7.0',
55 silly install resolved        'serve-static': '^1.10.0',
55 silly install resolved        'socket.io': '^1.3.7',
55 silly install resolved        'ua-parser-js': '^0.7.9',
55 silly install resolved        ucfirst: '^1.0.0' },
55 silly install resolved     devDependencies:
55 silly install resolved      { 'browser-sync-spa': '1.0.2',
55 silly install resolved        'bs-snippet-injector': '2.0.1',
55 silly install resolved        chai: '3.2.0',
55 silly install resolved        chalk: '1.1.1',
55 silly install resolved        eslint: '1.3.1',
55 silly install resolved        'graceful-fs': '3.0.8',
55 silly install resolved        gulp: '3.9.0',
55 silly install resolved        'gulp-contribs': '0.0.3',
55 silly install resolved        'gulp-conventional-changelog': '0.4.0',
55 silly install resolved        'gulp-filter': '2.0.2',
55 silly install resolved        istanbul: '0.3.19',
55 silly install resolved        'istanbul-coveralls': '1.0.3',
55 silly install resolved        mocha: '2.3.0',
55 silly install resolved        q: '1.4.1',
55 silly install resolved        request: '2.61.0',
55 silly install resolved        sinon: '1.15.4',
55 silly install resolved        slugify: '0.1.1',
55 silly install resolved        'socket.io-client': '1.3.7',
55 silly install resolved        supertest: '1.1.0',
55 silly install resolved        vinyl: '0.5.3' },
55 silly install resolved     keywords: [ 'browser sync', 'css', 'live reload', 'sync' ],
55 silly install resolved     gitHead: '91b7838c28eb49aa40aec65922158047bb177103',
55 silly install resolved     bugs: { url: 'https://github.com/Browsersync/browser-sync/issues' },
55 silly install resolved     _id: 'browser-sync@2.9.11',
55 silly install resolved     _shasum: 'a935714a02baf0488548081c8f9149640793e9da',
55 silly install resolved     _from: 'browser-sync@*',
55 silly install resolved     _npmVersion: '2.7.3',
55 silly install resolved     _nodeVersion: '0.10.26',
55 silly install resolved     _npmUser: { name: 'shakyshane', email: 'shakyshane@gmail.com' },
55 silly install resolved     dist:
55 silly install resolved      { shasum: 'a935714a02baf0488548081c8f9149640793e9da',
55 silly install resolved        tarball: 'http://registry.npmjs.org/browser-sync/-/browser-sync-2.9.11.tgz' },
55 silly install resolved     maintainers: [ [Object] ],
55 silly install resolved     directories: {},
55 silly install resolved     _resolved: 'https://registry.npmjs.org/browser-sync/-/browser-sync-2.9.11.tgz' } ]
56 info install browser-sync@2.9.11 into /home/bowen/Documents/BookmarkManager
57 info installOne browser-sync@2.9.11
58 verbose installOne of browser-sync to /home/bowen/Documents/BookmarkManager not in flight; installing
59 verbose lock using /home/bowen/.npm/_locks/browser-sync-98a9bb6a206796f4.lock for /home/bowen/Documents/BookmarkManager/node_modules/browser-sync
60 silly install write writing browser-sync 2.9.11 to /home/bowen/Documents/BookmarkManager/node_modules/browser-sync
61 verbose unbuild node_modules/browser-sync
62 info preuninstall browser-sync@2.9.11
63 info uninstall browser-sync@2.9.11
64 verbose unbuild rmStuff browser-sync@2.9.11 from /home/bowen/Documents/BookmarkManager/node_modules
65 silly gentlyRm /home/bowen/Documents/BookmarkManager/node_modules/.bin/browser-sync is being gently removed
66 silly gentlyRm verifying /home/bowen/Documents/BookmarkManager is an npm working directory
67 silly gentlyRm containing path /home/bowen/Documents/BookmarkManager is under npm's control, in /home/bowen/Documents/BookmarkManager
68 silly gentlyRm deletion target /home/bowen/Documents/BookmarkManager/node_modules/.bin/browser-sync is under /home/bowen/Documents/BookmarkManager
69 verbose gentlyRm vacuuming from /home/bowen/Documents/BookmarkManager/node_modules/.bin/browser-sync up to /home/bowen/Documents/BookmarkManager
70 info postuninstall browser-sync@2.9.11
71 silly gentlyRm /home/bowen/Documents/BookmarkManager/node_modules/browser-sync is being purged from base /home/bowen/Documents/BookmarkManager
72 verbose gentlyRm don't care about contents; nuking /home/bowen/Documents/BookmarkManager/node_modules/browser-sync
73 silly vacuum-fs purging /home/bowen/Documents/BookmarkManager/node_modules/browser-sync
74 verbose unlock done using /home/bowen/.npm/_locks/browser-sync-98a9bb6a206796f4.lock for /home/bowen/Documents/BookmarkManager/node_modules/browser-sync
75 verbose stack Error: EACCES: permission denied, unlink '/home/bowen/Documents/BookmarkManager/node_modules/browser-sync/node_modules/.bin/dev-ip'
75 verbose stack     at Error (native)
76 verbose cwd /home/bowen/Documents/BookmarkManager
77 error Linux 3.17.4-301.fc21.x86_64
78 error argv "/usr/bin/node" "/usr/bin/npm" "install" "--save-dev" "browser-sync"
79 error node v4.1.0
80 error npm  v2.12.0
81 error path /home/bowen/Documents/BookmarkManager/node_modules/browser-sync/node_modules/.bin/dev-ip
82 error code EACCES
83 error errno -13
84 error syscall unlink
85 error Error: EACCES: permission denied, unlink '/home/bowen/Documents/BookmarkManager/node_modules/browser-sync/node_modules/.bin/dev-ip'
85 error     at Error (native)
85 error  { [Error: EACCES: permission denied, unlink '/home/bowen/Documents/BookmarkManager/node_modules/browser-sync/node_modules/.bin/dev-ip']
85 error   errno: -13,
85 error   code: 'EACCES',
85 error   syscall: 'unlink',
85 error   path: '/home/bowen/Documents/BookmarkManager/node_modules/browser-sync/node_modules/.bin/dev-ip' }
86 error Please try running this command again as root/Administrator.
87 verbose exit [ -13, true ]
88 verbose unbuild node_modules/browser-sync
89 silly gentlyRm /home/bowen/Documents/BookmarkManager/node_modules/browser-sync is being purged from base /home/bowen/Documents/BookmarkManager
90 verbose gentlyRm don't care about contents; nuking /home/bowen/Documents/BookmarkManager/node_modules/browser-sync
91 silly vacuum-fs purging /home/bowen/Documents/BookmarkManager/node_modules/browser-sync
92 error error rolling back Error: EACCES: permission denied, unlink '/home/bowen/Documents/BookmarkManager/node_modules/browser-sync/node_modules/.bin/dev-ip'
92 error error rolling back     at Error (native)
92 error error rolling back  { [Error: EACCES: permission denied, unlink '/home/bowen/Documents/BookmarkManager/node_modules/browser-sync/node_modules/.bin/dev-ip']
92 error error rolling back   errno: -13,
92 error error rolling back   code: 'EACCES',
92 error error rolling back   syscall: 'unlink',
92 error error rolling back   path: '/home/bowen/Documents/BookmarkManager/node_modules/browser-sync/node_modules/.bin/dev-ip' }
